# JRE version: OpenJDK Runtime Environment (23.0.1+11) (build 23.0.1+11-39)
# Java VM: OpenJDK 64-Bit Server VM (23.0.1+11-39, mixed mode, sharing, tiered, compressed oops, compressed class ptrs, g1 gc, linux-amd64)
GC Precious Log:
 CardTable entry size: 512
 Card Set container configuration: InlinePtr #cards 4 size 8 Array Of Cards #cards 16 size 48 Howl #buckets 8 coarsen threshold 3686 Howl Bitmap #cards 512 size 80 coarsen threshold 460 Card regions per heap region 1 cards per card region 4096
 CPUs: 4 total, 4 available
 Memory: 15652M
 Large Page Support: Disabled
 NUMA Support: Disabled
 Compressed Oops: Enabled (Zero based)
 Heap Region Size: 2M
 Heap Min Capacity: 8M
 Heap Initial Capacity: 246M
 Heap Max Capacity: 3914M
 Pre-touch: Disabled
 Parallel Workers: 4
 Concurrent Workers: 1
 Concurrent Refinement Workers: 4
 Periodic GC: Disabled
Heap:
 garbage-first heap   total reserved 4007936K, committed 157696K, used 98683K [0x000000070b600000, 0x0000000800000000)
  region size 2048K, 26 young (53248K), 2 survivors (4096K)
 Metaspace       used 26005K, committed 26432K, reserved 1114112K
  class space    used 3287K, committed 3520K, reserved 1048576K
GC Heap History (10 events):
Event: 0.626 GC heap before
{Heap before GC invocations=0 (full 0):
 garbage-first heap   total reserved 4007936K, committed 253952K, used 13433K [0x000000070b600000, 0x0000000800000000)
  region size 2048K, 7 young (14336K), 0 survivors (0K)
 Metaspace       used 2588K, committed 2752K, reserved 1114112K
  class space    used 271K, committed 384K, reserved 1048576K
}
Event: 0.634 GC heap after
{Heap after GC invocations=1 (full 0):
 garbage-first heap   total reserved 4007936K, committed 253952K, used 3209K [0x000000070b600000, 0x0000000800000000)
  region size 2048K, 1 young (2048K), 1 survivors (2048K)
 Metaspace       used 2588K, committed 2752K, reserved 1114112K
  class space    used 271K, committed 384K, reserved 1048576K
}
Event: 1.327 GC heap before
{Heap before GC invocations=1 (full 0):
 garbage-first heap   total reserved 4007936K, committed 253952K, used 13449K [0x000000070b600000, 0x0000000800000000)
  region size 2048K, 7 young (14336K), 1 survivors (2048K)
 Metaspace       used 7418K, committed 7680K, reserved 1114112K
  class space    used 845K, committed 960K, reserved 1048576K
}
Event: 1.342 GC heap after
{Heap after GC invocations=2 (full 0):
 garbage-first heap   total reserved 4007936K, committed 253952K, used 5499K [0x000000070b600000, 0x0000000800000000)
  region size 2048K, 1 young (2048K), 1 survivors (2048K)
 Metaspace       used 7418K, committed 7680K, reserved 1114112K
  class space    used 845K, committed 960K, reserved 1048576K
}
Event: 2.031 GC heap before
{Heap before GC invocations=2 (full 0):
 garbage-first heap   total reserved 4007936K, committed 253952K, used 28027K [0x000000070b600000, 0x0000000800000000)
  region size 2048K, 13 young (26624K), 1 survivors (2048K)
 Metaspace       used 14870K, committed 15232K, reserved 1114112K
  class space    used 1903K, committed 2048K, reserved 1048576K
}
Event: 2.040 GC heap after
{Heap after GC invocations=3 (full 0):
 garbage-first heap   total reserved 4007936K, committed 253952K, used 8461K [0x000000070b600000, 0x0000000800000000)
  region size 2048K, 2 young (4096K), 2 survivors (4096K)
 Metaspace       used 14870K, committed 15232K, reserved 1114112K
  class space    used 1903K, committed 2048K, reserved 1048576K
}
Event: 2.968 GC heap before
{Heap before GC invocations=3 (full 0):
 garbage-first heap   total reserved 4007936K, committed 253952K, used 69901K [0x000000070b600000, 0x0000000800000000)
  region size 2048K, 17 young (34816K), 2 survivors (4096K)
 Metaspace       used 21121K, committed 21504K, reserved 1114112K
  class space    used 2827K, committed 3008K, reserved 1048576K
}
Event: 2.976 GC heap after
{Heap after GC invocations=4 (full 0):
 garbage-first heap   total reserved 4007936K, committed 253952K, used 45289K [0x000000070b600000, 0x0000000800000000)
  region size 2048K, 3 young (6144K), 3 survivors (6144K)
 Metaspace       used 21121K, committed 21504K, reserved 1114112K
  class space    used 2827K, committed 3008K, reserved 1048576K
}
Event: 6.701 GC heap before
{Heap before GC invocations=5 (full 0):
 garbage-first heap   total reserved 4007936K, committed 157696K, used 82153K [0x000000070b600000, 0x0000000800000000)
  region size 2048K, 20 young (40960K), 3 survivors (6144K)
 Metaspace       used 25091K, committed 25536K, reserved 1114112K
  class space    used 3277K, committed 3456K, reserved 1048576K
}
Event: 6.712 GC heap after
{Heap after GC invocations=6 (full 0):
 garbage-first heap   total reserved 4007936K, committed 157696K, used 51579K [0x000000070b600000, 0x0000000800000000)
  region size 2048K, 2 young (4096K), 2 survivors (4096K)
 Metaspace       used 25091K, committed 25536K, reserved 1114112K
  class space    used 3277K, committed 3456K, reserved 1048576K
}

